<?xml version="1.0" encoding="UTF-8"?>
<!-- Generated by org.testng.reporters.JUnitReportReporter -->
<testsuite hostname="LAPTOP-CRB8G86E" failures="0" tests="3" name="com.mycompany.seleniumjavaproject.Sample1Test" time="0.018" errors="0" timestamp="15 Aug 2019 14:20:59 GMT" skipped="0">
  <testcase classname="com.mycompany.seleniumjavaproject.Sample1Test" name="Sample1Test1" time="0.010"/>
  <testcase classname="com.mycompany.seleniumjavaproject.Sample1Test" name="Sample1Test3" time="0.004"/>
  <testcase classname="com.mycompany.seleniumjavaproject.Sample1Test" name="Sample1Test2" time="0.004"/>
</testsuite> <!-- com.mycompany.seleniumjavaproject.Sample1Test -->
