<?xml version="1.0" encoding="UTF-8"?>
<!-- Generated by org.testng.reporters.JUnitReportReporter -->
<testsuite hostname="LAPTOP-CRB8G86E" failures="0" tests="3" name="com.mycompany.seleniumjavaproject.Sample2Test" time="0.008" errors="0" timestamp="15 Aug 2019 14:20:59 GMT" skipped="0">
  <testcase classname="com.mycompany.seleniumjavaproject.Sample2Test" name="Sample2Test3" time="0.002"/>
  <testcase classname="com.mycompany.seleniumjavaproject.Sample2Test" name="Sample2Test2" time="0.003"/>
  <testcase classname="com.mycompany.seleniumjavaproject.Sample2Test" name="Sample2Test1" time="0.003"/>
</testsuite> <!-- com.mycompany.seleniumjavaproject.Sample2Test -->
